<?xml version="1.0" encoding="UTF-8"?>
<!-- Generated by org.testng.reporters.JUnitXMLReporter -->
<testsuite ignored="0" hostname="Akash" failures="0" tests="7" name="Amazon_Test" time="172.841" errors="0" timestamp="2022-03-02T13:48:00 IST">
  <testcase classname="amazon.Test_Execution_2" name="verifyAddToCart" time="14.37"/>
  <testcase classname="amazon.Test_Execution_2" name="verifyAddToWishlist" time="3.575"/>
  <testcase classname="amazon.Test_Execution_1" name="verifyAmazonHomePage" time="6.773"/>
  <testcase classname="amazon.Test_Execution_1" name="verifyAccountPage" time="6.63"/>
  <testcase classname="amazon.Test_Execution_1" name="verifyOrderPage" time="5.523"/>
  <testcase classname="amazon.Test_Execution_1" name="verifyProductPage" time="4.995"/>
  <testcase classname="amazon.Test_Execution_1" name="verifyWishlistPage" time="4.906"/>
</testsuite> <!-- Amazon_Test -->
