<?xml version="1.0" encoding="UTF-8"?>
<testng-results ignored="0" total="7" passed="6" failed="1" skipped="0">
  <reporter-output>
  </reporter-output>
  <suite started-at="2022-03-11T11:45:41 IST" name="Suite" finished-at="2022-03-11T11:50:14 IST" duration-ms="273061">
    <groups>
    </groups>
    <test started-at="2022-03-11T11:45:41 IST" name="Amazon_Test_Chrome" finished-at="2022-03-11T11:50:14 IST" duration-ms="273061">
      <class name="amazon.Test_Execution_2">
        <test-method is-config="true" signature="enterBrowser(java.lang.String)[pri:0, instance:amazon.Test_Execution_2@50eac852]" started-at="2022-03-11T11:45:44 IST" name="enterBrowser" finished-at="2022-03-11T11:45:46 IST" duration-ms="2278" status="PASS">
          <params>
            <param index="0">
              <value>
                <![CDATA[Chrome]]>
              </value>
            </param>
          </params>
          <reporter-output>
          </reporter-output>
        </test-method> <!-- enterBrowser -->
        <test-method is-config="true" signature="launchBrowserAndHitUrl()[pri:0, instance:amazon.Test_Execution_2@50eac852]" started-at="2022-03-11T11:47:30 IST" name="launchBrowserAndHitUrl" finished-at="2022-03-11T11:47:30 IST" duration-ms="10" status="PASS">
          <reporter-output>
          </reporter-output>
        </test-method> <!-- launchBrowserAndHitUrl -->
        <test-method is-config="true" signature="loginToApplication()[pri:0, instance:amazon.Test_Execution_2@50eac852]" started-at="2022-03-11T11:47:30 IST" name="loginToApplication" finished-at="2022-03-11T11:48:38 IST" duration-ms="68207" status="PASS">
          <reporter-output>
          </reporter-output>
        </test-method> <!-- loginToApplication -->
        <test-method signature="verifyAddToCart()[pri:0, instance:amazon.Test_Execution_2@50eac852]" started-at="2022-03-11T11:48:38 IST" name="verifyAddToCart" finished-at="2022-03-11T11:49:29 IST" duration-ms="50760" status="PASS">
          <reporter-output>
          </reporter-output>
        </test-method> <!-- verifyAddToCart -->
        <test-method is-config="true" signature="logoutOfApplication(org.testng.ITestResult)[pri:0, instance:amazon.Test_Execution_2@50eac852]" started-at="2022-03-11T11:49:29 IST" name="logoutOfApplication" finished-at="2022-03-11T11:49:33 IST" duration-ms="4253" status="PASS">
          <params>
            <param index="0">
              <value>
                <![CDATA[[TestResult name=verifyAddToCart status=SUCCESS method=Test_Execution_2.verifyAddToCart()[pri:0, instance:amazon.Test_Execution_2@50eac852] output={null}]]]>
              </value>
            </param>
          </params>
          <reporter-output>
          </reporter-output>
        </test-method> <!-- logoutOfApplication -->
        <test-method is-config="true" signature="loginToApplication()[pri:0, instance:amazon.Test_Execution_2@50eac852]" started-at="2022-03-11T11:49:33 IST" name="loginToApplication" finished-at="2022-03-11T11:49:54 IST" duration-ms="21037" status="PASS">
          <reporter-output>
          </reporter-output>
        </test-method> <!-- loginToApplication -->
        <test-method signature="verifyAddToWishlist()[pri:0, instance:amazon.Test_Execution_2@50eac852]" started-at="2022-03-11T11:49:54 IST" name="verifyAddToWishlist" finished-at="2022-03-11T11:50:01 IST" duration-ms="6261" status="PASS">
          <reporter-output>
          </reporter-output>
        </test-method> <!-- verifyAddToWishlist -->
        <test-method is-config="true" signature="logoutOfApplication(org.testng.ITestResult)[pri:0, instance:amazon.Test_Execution_2@50eac852]" started-at="2022-03-11T11:50:01 IST" name="logoutOfApplication" finished-at="2022-03-11T11:50:11 IST" duration-ms="10308" status="PASS">
          <params>
            <param index="0">
              <value>
                <![CDATA[[TestResult name=verifyAddToWishlist status=SUCCESS method=Test_Execution_2.verifyAddToWishlist()[pri:0, instance:amazon.Test_Execution_2@50eac852] output={null}]]]>
              </value>
            </param>
          </params>
          <reporter-output>
          </reporter-output>
        </test-method> <!-- logoutOfApplication -->
        <test-method is-config="true" signature="deleteObjectReferences()[pri:0, instance:amazon.Test_Execution_2@50eac852]" started-at="2022-03-11T11:50:11 IST" name="deleteObjectReferences" finished-at="2022-03-11T11:50:11 IST" duration-ms="0" status="PASS">
          <reporter-output>
          </reporter-output>
        </test-method> <!-- deleteObjectReferences -->
        <test-method is-config="true" signature="exitBrowser()[pri:0, instance:amazon.Test_Execution_2@50eac852]" started-at="2022-03-11T11:50:13 IST" name="exitBrowser" finished-at="2022-03-11T11:50:14 IST" duration-ms="1506" status="PASS">
          <reporter-output>
          </reporter-output>
        </test-method> <!-- exitBrowser -->
      </class> <!-- amazon.Test_Execution_2 -->
      <class name="amazon.Test_Execution_1">
        <test-method is-config="true" signature="enterBrowser(java.lang.String)[pri:0, instance:amazon.Test_Execution_1@2c767a52]" started-at="2022-03-11T11:45:41 IST" name="enterBrowser" finished-at="2022-03-11T11:45:44 IST" duration-ms="2900" status="PASS">
          <params>
            <param index="0">
              <value>
                <![CDATA[Chrome]]>
              </value>
            </param>
          </params>
          <reporter-output>
          </reporter-output>
        </test-method> <!-- enterBrowser -->
        <test-method is-config="true" signature="createObjects()[pri:0, instance:amazon.Test_Execution_1@2c767a52]" started-at="2022-03-11T11:45:46 IST" name="createObjects" finished-at="2022-03-11T11:45:46 IST" duration-ms="33" status="PASS">
          <reporter-output>
          </reporter-output>
        </test-method> <!-- createObjects -->
        <test-method is-config="true" signature="loginToApplication()[pri:0, instance:amazon.Test_Execution_1@2c767a52]" started-at="2022-03-11T11:45:46 IST" name="loginToApplication" finished-at="2022-03-11T11:46:15 IST" duration-ms="28910" status="PASS">
          <reporter-output>
          </reporter-output>
        </test-method> <!-- loginToApplication -->
        <test-method signature="verifyAmazonHomePage()[pri:-1, instance:amazon.Test_Execution_1@2c767a52]" started-at="2022-03-11T11:46:15 IST" name="verifyAmazonHomePage" finished-at="2022-03-11T11:46:20 IST" duration-ms="4911" status="PASS">
          <reporter-output>
          </reporter-output>
        </test-method> <!-- verifyAmazonHomePage -->
        <test-method is-config="true" signature="logoutOfApplication(org.testng.ITestResult)[pri:0, instance:amazon.Test_Execution_1@2c767a52]" started-at="2022-03-11T11:46:20 IST" name="logoutOfApplication" finished-at="2022-03-11T11:46:23 IST" duration-ms="2665" status="PASS">
          <params>
            <param index="0">
              <value>
                <![CDATA[[TestResult name=verifyAmazonHomePage status=SUCCESS method=Test_Execution_1.verifyAmazonHomePage()[pri:-1, instance:amazon.Test_Execution_1@2c767a52] output={null}]]]>
              </value>
            </param>
          </params>
          <reporter-output>
          </reporter-output>
        </test-method> <!-- logoutOfApplication -->
        <test-method is-config="true" signature="loginToApplication()[pri:0, instance:amazon.Test_Execution_1@2c767a52]" started-at="2022-03-11T11:46:23 IST" name="loginToApplication" finished-at="2022-03-11T11:46:32 IST" duration-ms="9199" status="PASS">
          <reporter-output>
          </reporter-output>
        </test-method> <!-- loginToApplication -->
        <test-method signature="verifyAccountPage()[pri:0, instance:amazon.Test_Execution_1@2c767a52]" started-at="2022-03-11T11:46:32 IST" name="verifyAccountPage" finished-at="2022-03-11T11:46:37 IST" depends-on-methods="amazon.Test_Execution_1.verifyAmazonHomePage" duration-ms="5020" status="PASS">
          <reporter-output>
          </reporter-output>
        </test-method> <!-- verifyAccountPage -->
        <test-method is-config="true" signature="logoutOfApplication(org.testng.ITestResult)[pri:0, instance:amazon.Test_Execution_1@2c767a52]" started-at="2022-03-11T11:46:37 IST" name="logoutOfApplication" finished-at="2022-03-11T11:46:39 IST" duration-ms="2207" status="PASS">
          <params>
            <param index="0">
              <value>
                <![CDATA[[TestResult name=verifyAccountPage status=SUCCESS method=Test_Execution_1.verifyAccountPage()[pri:0, instance:amazon.Test_Execution_1@2c767a52] output={null}]]]>
              </value>
            </param>
          </params>
          <reporter-output>
          </reporter-output>
        </test-method> <!-- logoutOfApplication -->
        <test-method is-config="true" signature="loginToApplication()[pri:0, instance:amazon.Test_Execution_1@2c767a52]" started-at="2022-03-11T11:46:39 IST" name="loginToApplication" finished-at="2022-03-11T11:46:47 IST" duration-ms="7592" status="PASS">
          <reporter-output>
          </reporter-output>
        </test-method> <!-- loginToApplication -->
        <test-method signature="verifyOrderPage()[pri:0, instance:amazon.Test_Execution_1@2c767a52]" started-at="2022-03-11T11:46:47 IST" name="verifyOrderPage" finished-at="2022-03-11T11:46:53 IST" depends-on-methods="amazon.Test_Execution_1.verifyAmazonHomePage" duration-ms="5999" status="PASS">
          <reporter-output>
          </reporter-output>
        </test-method> <!-- verifyOrderPage -->
        <test-method is-config="true" signature="logoutOfApplication(org.testng.ITestResult)[pri:0, instance:amazon.Test_Execution_1@2c767a52]" started-at="2022-03-11T11:46:53 IST" name="logoutOfApplication" finished-at="2022-03-11T11:46:56 IST" duration-ms="3312" status="PASS">
          <params>
            <param index="0">
              <value>
                <![CDATA[[TestResult name=verifyOrderPage status=SUCCESS method=Test_Execution_1.verifyOrderPage()[pri:0, instance:amazon.Test_Execution_1@2c767a52] output={null}]]]>
              </value>
            </param>
          </params>
          <reporter-output>
          </reporter-output>
        </test-method> <!-- logoutOfApplication -->
        <test-method is-config="true" signature="loginToApplication()[pri:0, instance:amazon.Test_Execution_1@2c767a52]" started-at="2022-03-11T11:46:56 IST" name="loginToApplication" finished-at="2022-03-11T11:47:05 IST" duration-ms="8757" status="PASS">
          <reporter-output>
          </reporter-output>
        </test-method> <!-- loginToApplication -->
        <test-method signature="verifyProductPage()[pri:0, instance:amazon.Test_Execution_1@2c767a52]" started-at="2022-03-11T11:47:05 IST" name="verifyProductPage" finished-at="2022-03-11T11:47:11 IST" depends-on-methods="amazon.Test_Execution_1.verifyAmazonHomePage" duration-ms="6464" status="FAIL">
          <exception class="java.lang.AssertionError">
            <message>
              <![CDATA[expected [https://www.amazon.in/s?k=realmi+8i&ref=nb_sb_noss] but found [https://www.amazon.in/s?k=OnePlus+9pro&ref=nb_sb_noss]]]>
            </message>
            <full-stacktrace>
              <![CDATA[java.lang.AssertionError: expected [https://www.amazon.in/s?k=realmi+8i&ref=nb_sb_noss] but found [https://www.amazon.in/s?k=OnePlus+9pro&ref=nb_sb_noss]
at org.testng.Assert.fail(Assert.java:99)
at org.testng.Assert.failNotEquals(Assert.java:1037)
at org.testng.Assert.assertEqualsImpl(Assert.java:140)
at org.testng.Assert.assertEquals(Assert.java:122)
at org.testng.Assert.assertEquals(Assert.java:629)
at org.testng.Assert.assertEquals(Assert.java:639)
at amazon.Test_Execution_1.verifyProductPage(Test_Execution_1.java:129)
at java.base/jdk.internal.reflect.NativeMethodAccessorImpl.invoke0(Native Method)
at java.base/jdk.internal.reflect.NativeMethodAccessorImpl.invoke(NativeMethodAccessorImpl.java:77)
at java.base/jdk.internal.reflect.DelegatingMethodAccessorImpl.invoke(DelegatingMethodAccessorImpl.java:43)
at java.base/java.lang.reflect.Method.invoke(Method.java:568)
at org.testng.internal.MethodInvocationHelper.invokeMethod(MethodInvocationHelper.java:133)
at org.testng.internal.TestInvoker.invokeMethod(TestInvoker.java:598)
at org.testng.internal.TestInvoker.invokeTestMethod(TestInvoker.java:173)
at org.testng.internal.MethodRunner.runInSequence(MethodRunner.java:46)
at org.testng.internal.TestInvoker$MethodInvocationAgent.invoke(TestInvoker.java:824)
at org.testng.internal.TestInvoker.invokeTestMethods(TestInvoker.java:146)
at org.testng.internal.TestMethodWorker.invokeTestMethods(TestMethodWorker.java:146)
at org.testng.internal.TestMethodWorker.run(TestMethodWorker.java:128)
at java.base/java.util.ArrayList.forEach(ArrayList.java:1511)
at org.testng.TestRunner.privateRun(TestRunner.java:794)
at org.testng.TestRunner.run(TestRunner.java:596)
at org.testng.SuiteRunner.runTest(SuiteRunner.java:377)
at org.testng.SuiteRunner.runSequentially(SuiteRunner.java:371)
at org.testng.SuiteRunner.privateRun(SuiteRunner.java:332)
at org.testng.SuiteRunner.run(SuiteRunner.java:276)
at org.testng.SuiteRunnerWorker.runSuite(SuiteRunnerWorker.java:53)
at org.testng.SuiteRunnerWorker.run(SuiteRunnerWorker.java:96)
at org.testng.TestNG.runSuitesSequentially(TestNG.java:1212)
at org.testng.TestNG.runSuitesLocally(TestNG.java:1134)
at org.testng.TestNG.runSuites(TestNG.java:1063)
at org.testng.TestNG.run(TestNG.java:1031)
at org.testng.remote.AbstractRemoteTestNG.run(AbstractRemoteTestNG.java:115)
at org.testng.remote.RemoteTestNG.initAndRun(RemoteTestNG.java:251)
at org.testng.remote.RemoteTestNG.main(RemoteTestNG.java:77)
]]>
            </full-stacktrace>
          </exception> <!-- java.lang.AssertionError -->
          <reporter-output>
          </reporter-output>
        </test-method> <!-- verifyProductPage -->
        <test-method is-config="true" signature="logoutOfApplication(org.testng.ITestResult)[pri:0, instance:amazon.Test_Execution_1@2c767a52]" started-at="2022-03-11T11:47:11 IST" name="logoutOfApplication" finished-at="2022-03-11T11:47:15 IST" duration-ms="3247" status="PASS">
          <params>
            <param index="0">
              <value>
                <![CDATA[[TestResult name=verifyProductPage status=FAILURE method=Test_Execution_1.verifyProductPage()[pri:0, instance:amazon.Test_Execution_1@2c767a52] output={null}]]]>
              </value>
            </param>
          </params>
          <reporter-output>
          </reporter-output>
        </test-method> <!-- logoutOfApplication -->
        <test-method is-config="true" signature="loginToApplication()[pri:0, instance:amazon.Test_Execution_1@2c767a52]" started-at="2022-03-11T11:47:15 IST" name="loginToApplication" finished-at="2022-03-11T11:47:24 IST" duration-ms="8999" status="PASS">
          <reporter-output>
          </reporter-output>
        </test-method> <!-- loginToApplication -->
        <test-method signature="verifyWishlistPage()[pri:0, instance:amazon.Test_Execution_1@2c767a52]" started-at="2022-03-11T11:47:24 IST" name="verifyWishlistPage" finished-at="2022-03-11T11:47:28 IST" depends-on-methods="amazon.Test_Execution_1.verifyAmazonHomePage" duration-ms="4339" status="PASS">
          <reporter-output>
          </reporter-output>
        </test-method> <!-- verifyWishlistPage -->
        <test-method is-config="true" signature="logoutOfApplication(org.testng.ITestResult)[pri:0, instance:amazon.Test_Execution_1@2c767a52]" started-at="2022-03-11T11:47:28 IST" name="logoutOfApplication" finished-at="2022-03-11T11:47:30 IST" duration-ms="2236" status="PASS">
          <params>
            <param index="0">
              <value>
                <![CDATA[[TestResult name=verifyWishlistPage status=SUCCESS method=Test_Execution_1.verifyWishlistPage()[pri:0, instance:amazon.Test_Execution_1@2c767a52] output={null}]]]>
              </value>
            </param>
          </params>
          <reporter-output>
          </reporter-output>
        </test-method> <!-- logoutOfApplication -->
        <test-method is-config="true" signature="deleteObjectReferences()[pri:0, instance:amazon.Test_Execution_1@2c767a52]" started-at="2022-03-11T11:47:30 IST" name="deleteObjectReferences" finished-at="2022-03-11T11:47:30 IST" duration-ms="0" status="PASS">
          <reporter-output>
          </reporter-output>
        </test-method> <!-- deleteObjectReferences -->
        <test-method is-config="true" signature="exitBrowser()[pri:0, instance:amazon.Test_Execution_1@2c767a52]" started-at="2022-03-11T11:50:11 IST" name="exitBrowser" finished-at="2022-03-11T11:50:13 IST" duration-ms="1577" status="PASS">
          <reporter-output>
          </reporter-output>
        </test-method> <!-- exitBrowser -->
      </class> <!-- amazon.Test_Execution_1 -->
    </test> <!-- Amazon_Test_Chrome -->
  </suite> <!-- Suite -->
</testng-results>
