<?xml version="1.0" encoding="UTF-8"?>
<!-- Generated by org.testng.reporters.JUnitXMLReporter -->
<testsuite ignored="0" hostname="Akash" failures="0" tests="7" name="Amazon_project_Edge" time="275.759" errors="0" timestamp="2022-03-02T13:36:21 IST">
  <testcase classname="amazon.Test_Execution_1" name="verifyAmazonHomePage" time="19.718"/>
  <testcase classname="amazon.Test_Execution_1" name="verifyAccountPage" time="23.162"/>
  <testcase classname="amazon.Test_Execution_1" name="verifyOrderPage" time="9.711"/>
  <testcase classname="amazon.Test_Execution_1" name="verifyProductPage" time="9.273"/>
  <testcase classname="amazon.Test_Execution_1" name="verifyWishlistPage" time="6.14"/>
  <testcase classname="amazon.Test_Execution_2" name="verifyAddToCart" time="16.932"/>
  <testcase classname="amazon.Test_Execution_2" name="verifyAddToWishlist" time="12.049"/>
</testsuite> <!-- Amazon_project_Edge -->
