<?xml version="1.0" encoding="UTF-8"?>
<!-- Generated by org.testng.reporters.JUnitXMLReporter -->
<testsuite ignored="0" hostname="Akash" failures="0" tests="7" name="Amazon_project_Test3" time="244.693" errors="0" timestamp="2022-02-28T14:39:05 IST">
  <testcase classname="amazon.Test_Execution_1" name="verifyAccountPage" time="18.331"/>
  <testcase classname="amazon.Test_Execution_1" name="verifyAmazonHomePage" time="7.208"/>
  <testcase classname="amazon.Test_Execution_1" name="verifyOrderPage" time="6.155"/>
  <testcase classname="amazon.Test_Execution_1" name="verifyProductPage" time="7.177"/>
  <testcase classname="amazon.Test_Execution_1" name="verifyWishlistPage" time="5.944"/>
  <testcase classname="amazon.Test_Execution_2" name="verifyAddToCart" time="16.424"/>
  <testcase classname="amazon.Test_Execution_2" name="verifyAddToWishlist" time="4.599"/>
</testsuite> <!-- Amazon_project_Test3 -->
