<?xml version="1.0" encoding="UTF-8"?>
<!-- Generated by org.testng.reporters.JUnitXMLReporter -->
<testsuite ignored="0" hostname="Akash" failures="0" tests="7" name="Amazon_project_Test" time="170.687" errors="0" timestamp="2022-02-28T14:33:03 IST">
  <testcase classname="amazon.Test_Execution_1" name="verifyAccountPage" time="13.492"/>
  <testcase classname="amazon.Test_Execution_1" name="verifyAmazonHomePage" time="3.053"/>
  <testcase classname="amazon.Test_Execution_1" name="verifyOrderPage" time="4.979"/>
  <testcase classname="amazon.Test_Execution_1" name="verifyProductPage" time="5.601"/>
  <testcase classname="amazon.Test_Execution_1" name="verifyWishlistPage" time="4.978"/>
  <testcase classname="amazon.Test_Execution_2" name="verifyAddToCart" time="13.857"/>
  <testcase classname="amazon.Test_Execution_2" name="verifyAddToWishlist" time="3.573"/>
</testsuite> <!-- Amazon_project_Test -->
